0:363 Swiper Loop Warning: The number of slides is not enough for loop mode, it will be disabled and not function properly. You need to add more slides (or make duplicates) or lower the values of slidesPerView and slidesPerGroup parameters
overrideMethod @ hook.js:608
g @ 0:363
loopFix @ 0:2385
loopCreate @ 0:2321
init @ 0:4257
ie @ 0:3923
(익명) @ listing.html:769
listing.html:381 currentLang -> ko
payment-handler2.js:205 Amount update error: TypeError: Cannot read properties of undefined (reading 'payment')
    at PaymentHandler.updateAmount (payment-handler2.js:196:28)
    at PaymentHandler.initializeEventListeners (payment-handler2.js:27:16)
    at new PaymentHandler (payment-handler2.js:7:10)
    at HTMLDocument.<anonymous> (payment-handler2.js:258:3)
overrideMethod @ hook.js:608
updateAmount @ payment-handler2.js:205
initializeEventListeners @ payment-handler2.js:27
PaymentHandler @ payment-handler2.js:7
(익명) @ payment-handler2.js:258
updated-language-script.js:34 loadTranslations: => listing
